<?xml version="1.0" encoding="UTF-8"?>
<coverage generated="1515671393214" clover="3.2.0">
  <project timestamp="1515671393215" name="All files">
    <metrics statements="96" coveredstatements="17" conditionals="207" coveredconditionals="2" methods="79" coveredmethods="4" elements="382" coveredelements="23" complexity="0" loc="96" ncloc="96" packages="2" files="14" classes="14">
      <package name="src">
        <metrics statements="56" coveredstatements="14" conditionals="155" coveredconditionals="2" methods="54" coveredmethods="4"/>
        <file name="AsyncSubject.js" path="/Users/wanglei/platform/workspace/observable/src/AsyncSubject.js">
          <metrics statements="2" coveredstatements="0" conditionals="25" coveredconditionals="0" methods="6" coveredmethods="0"/>
          <line num="1" count="0" type="cond" truecount="0" falsecount="23"/>
          <line num="2" count="0" type="cond" truecount="0" falsecount="2"/>
        </file>
        <file name="BehaviorSubject.js" path="/Users/wanglei/platform/workspace/observable/src/BehaviorSubject.js">
          <metrics statements="2" coveredstatements="0" conditionals="25" coveredconditionals="0" methods="6" coveredmethods="0"/>
          <line num="1" count="0" type="cond" truecount="0" falsecount="23"/>
          <line num="2" count="0" type="cond" truecount="0" falsecount="2"/>
        </file>
        <file name="Observable.js" path="/Users/wanglei/platform/workspace/observable/src/Observable.js">
          <metrics statements="7" coveredstatements="1" conditionals="2" coveredconditionals="0" methods="5" coveredmethods="1"/>
          <line num="5" count="1" type="stmt"/>
          <line num="15" count="0" type="stmt"/>
          <line num="16" count="0" type="cond" truecount="0" falsecount="2"/>
          <line num="17" count="0" type="stmt"/>
          <line num="19" count="0" type="stmt"/>
          <line num="23" count="0" type="stmt"/>
          <line num="27" count="0" type="stmt"/>
        </file>
        <file name="Observer.js" path="/Users/wanglei/platform/workspace/observable/src/Observer.js">
          <metrics statements="4" coveredstatements="0" conditionals="10" coveredconditionals="0" methods="9" coveredmethods="0"/>
          <line num="1" count="0" type="cond" truecount="0" falsecount="10"/>
          <line num="2" count="0" type="stmt"/>
          <line num="4" count="0" type="stmt"/>
          <line num="10" count="0" type="stmt"/>
        </file>
        <file name="ReplaySubject.js" path="/Users/wanglei/platform/workspace/observable/src/ReplaySubject.js">
          <metrics statements="2" coveredstatements="0" conditionals="25" coveredconditionals="0" methods="6" coveredmethods="0"/>
          <line num="1" count="0" type="cond" truecount="0" falsecount="23"/>
          <line num="2" count="0" type="cond" truecount="0" falsecount="2"/>
        </file>
        <file name="Scheduler.js" path="/Users/wanglei/platform/workspace/observable/src/Scheduler.js">
          <metrics statements="0" coveredstatements="0" conditionals="0" coveredconditionals="0" methods="0" coveredmethods="0"/>
        </file>
        <file name="Subject.js" path="/Users/wanglei/platform/workspace/observable/src/Subject.js">
          <metrics statements="2" coveredstatements="0" conditionals="25" coveredconditionals="0" methods="6" coveredmethods="0"/>
          <line num="1" count="0" type="cond" truecount="0" falsecount="23"/>
          <line num="2" count="0" type="cond" truecount="0" falsecount="2"/>
        </file>
        <file name="SubjectSubscriber.js" path="/Users/wanglei/platform/workspace/observable/src/SubjectSubscriber.js">
          <metrics statements="2" coveredstatements="0" conditionals="25" coveredconditionals="0" methods="6" coveredmethods="0"/>
          <line num="1" count="0" type="cond" truecount="0" falsecount="23"/>
          <line num="2" count="0" type="cond" truecount="0" falsecount="2"/>
        </file>
        <file name="Subscriber.js" path="/Users/wanglei/platform/workspace/observable/src/Subscriber.js">
          <metrics statements="22" coveredstatements="6" conditionals="12" coveredconditionals="0" methods="6" coveredmethods="1"/>
          <line num="8" count="1" type="stmt"/>
          <line num="9" count="1" type="stmt"/>
          <line num="10" count="1" type="stmt"/>
          <line num="11" count="1" type="stmt"/>
          <line num="12" count="1" type="stmt"/>
          <line num="16" count="0" type="cond" truecount="0" falsecount="2"/>
          <line num="17" count="0" type="stmt"/>
          <line num="22" count="0" type="cond" truecount="0" falsecount="2"/>
          <line num="23" count="0" type="stmt"/>
          <line num="25" count="0" type="stmt"/>
          <line num="29" count="0" type="cond" truecount="0" falsecount="2"/>
          <line num="30" count="0" type="stmt"/>
          <line num="32" count="0" type="stmt"/>
          <line num="40" count="1" type="stmt"/>
          <line num="43" count="0" type="stmt"/>
          <line num="44" count="0" type="cond" truecount="0" falsecount="2"/>
          <line num="45" count="0" type="cond" truecount="0" falsecount="2"/>
          <line num="46" count="0" type="cond" truecount="0" falsecount="2"/>
          <line num="47" count="0" type="stmt"/>
          <line num="48" count="0" type="stmt"/>
          <line num="49" count="0" type="stmt"/>
          <line num="51" count="0" type="stmt"/>
        </file>
        <file name="Subscription.js" path="/Users/wanglei/platform/workspace/observable/src/Subscription.js">
          <metrics statements="5" coveredstatements="1" conditionals="2" coveredconditionals="0" methods="3" coveredmethods="1"/>
          <line num="3" count="1" type="stmt"/>
          <line num="7" count="0" type="cond" truecount="0" falsecount="2"/>
          <line num="8" count="0" type="stmt"/>
          <line num="10" count="0" type="stmt"/>
          <line num="14" count="0" type="stmt"/>
        </file>
        <file name="index.js" path="/Users/wanglei/platform/workspace/observable/src/index.js">
          <metrics statements="0" coveredstatements="0" conditionals="0" coveredconditionals="0" methods="0" coveredmethods="0"/>
        </file>
        <file name="symbol.js" path="/Users/wanglei/platform/workspace/observable/src/symbol.js">
          <metrics statements="8" coveredstatements="6" conditionals="4" coveredconditionals="2" methods="1" coveredmethods="1"/>
          <line num="4" count="1" type="cond" truecount="1" falsecount="1"/>
          <line num="5" count="1" type="cond" truecount="1" falsecount="1"/>
          <line num="6" count="0" type="stmt"/>
          <line num="8" count="1" type="stmt"/>
          <line num="9" count="1" type="stmt"/>
          <line num="12" count="0" type="stmt"/>
          <line num="15" count="1" type="stmt"/>
          <line num="18" count="1" type="stmt"/>
        </file>
      </package>
      <package name="src.utils">
        <metrics statements="40" coveredstatements="3" conditionals="52" coveredconditionals="0" methods="25" coveredmethods="0"/>
        <file name="index.js" path="/Users/wanglei/platform/workspace/observable/src/utils/index.js">
          <metrics statements="0" coveredstatements="0" conditionals="0" coveredconditionals="0" methods="0" coveredmethods="0"/>
        </file>
        <file name="type.js" path="/Users/wanglei/platform/workspace/observable/src/utils/type.js">
          <metrics statements="40" coveredstatements="3" conditionals="52" coveredconditionals="0" methods="25" coveredmethods="0"/>
          <line num="1" count="1" type="stmt"/>
          <line num="2" count="1" type="stmt"/>
          <line num="5" count="0" type="stmt"/>
          <line num="9" count="0" type="stmt"/>
          <line num="13" count="0" type="stmt"/>
          <line num="17" count="0" type="stmt"/>
          <line num="18" count="0" type="cond" truecount="0" falsecount="2"/>
          <line num="22" count="0" type="stmt"/>
          <line num="23" count="0" type="cond" truecount="0" falsecount="2"/>
          <line num="27" count="0" type="cond" truecount="0" falsecount="3"/>
          <line num="31" count="0" type="stmt"/>
          <line num="32" count="0" type="cond" truecount="0" falsecount="2"/>
          <line num="36" count="0" type="stmt"/>
          <line num="37" count="0" type="cond" truecount="0" falsecount="3"/>
          <line num="41" count="0" type="cond" truecount="0" falsecount="2"/>
          <line num="64" count="0" type="cond" truecount="0" falsecount="4"/>
          <line num="65" count="0" type="stmt"/>
          <line num="68" count="0" type="stmt"/>
          <line num="69" count="0" type="cond" truecount="0" falsecount="2"/>
          <line num="70" count="0" type="stmt"/>
          <line num="74" count="0" type="stmt"/>
          <line num="78" count="0" type="cond" truecount="0" falsecount="2"/>
          <line num="82" count="0" type="stmt"/>
          <line num="86" count="1" type="stmt"/>
          <line num="109" count="0" type="cond" truecount="0" falsecount="4"/>
          <line num="113" count="0" type="cond" truecount="0" falsecount="3"/>
          <line num="117" count="0" type="stmt"/>
          <line num="121" count="0" type="cond" truecount="0" falsecount="2"/>
          <line num="125" count="0" type="cond" truecount="0" falsecount="2"/>
          <line num="129" count="0" type="cond" truecount="0" falsecount="2"/>
          <line num="130" count="0" type="stmt"/>
          <line num="133" count="0" type="stmt"/>
          <line num="134" count="0" type="cond" truecount="0" falsecount="4"/>
          <line num="141" count="0" type="cond" truecount="0" falsecount="2"/>
          <line num="145" count="0" type="cond" truecount="0" falsecount="2"/>
          <line num="149" count="0" type="cond" truecount="0" falsecount="2"/>
          <line num="153" count="0" type="cond" truecount="0" falsecount="2"/>
          <line num="157" count="0" type="cond" truecount="0" falsecount="2"/>
          <line num="161" count="0" type="stmt"/>
          <line num="162" count="0" type="cond" truecount="0" falsecount="3"/>
        </file>
      </package>
    </metrics>
  </project>
</coverage>
