{"/Users/wanglei/platform/workspace/observable/src/AsyncSubject.js": {"path":"/Users/wanglei/platform/workspace/observable/src/AsyncSubject.js","statementMap":{"0":{"start":{"line":1,"column":29},"end":{"line":1,"column":49}},"1":{"start":{"line":1,"column":66},"end":{"line":1,"column":99}},"2":{"start":{"line":1,"column":138},"end":{"line":1,"column":192}},"3":{"start":{"line":1,"column":242},"end":{"line":1,"column":341}},"4":{"start":{"line":1,"column":283},"end":{"line":1,"column":340}},"5":{"start":{"line":1,"column":391},"end":{"line":1,"column":490}},"6":{"start":{"line":1,"column":403},"end":{"line":1,"column":489}},"7":{"start":{"line":1,"column":490},"end":{"line":1,"column":576}},"8":{"start":{"line":1,"column":619},"end":{"line":1,"column":782}},"9":{"start":{"line":1,"column":681},"end":{"line":1,"column":781}},"10":{"start":{"line":1,"column":782},"end":{"line":1,"column":946}},"11":{"start":{"line":1,"column":946},"end":{"line":1,"column":1064}},"12":{"start":{"line":1,"column":962},"end":{"line":1,"column":1064}},"13":{"start":{"line":2,"column":15},"end":{"line":2,"column":300}},"14":{"start":{"line":2,"column":36},"end":{"line":2,"column":70}},"15":{"start":{"line":2,"column":95},"end":{"line":2,"column":131}},"16":{"start":{"line":2,"column":131},"end":{"line":2,"column":259}},"17":{"start":{"line":2,"column":260},"end":{"line":2,"column":280}}},"fnMap":{"0":{"name":"_interopRequireDefault","decl":{"start":{"line":1,"column":109},"end":{"line":1,"column":131}},"loc":{"start":{"line":1,"column":137},"end":{"line":1,"column":193}},"line":1},"1":{"name":"_classCallCheck","decl":{"start":{"line":1,"column":202},"end":{"line":1,"column":217}},"loc":{"start":{"line":1,"column":241},"end":{"line":1,"column":342}},"line":1},"2":{"name":"_possibleConstructorReturn","decl":{"start":{"line":1,"column":351},"end":{"line":1,"column":377}},"loc":{"start":{"line":1,"column":390},"end":{"line":1,"column":577}},"line":1},"3":{"name":"_inherits","decl":{"start":{"line":1,"column":586},"end":{"line":1,"column":595}},"loc":{"start":{"line":1,"column":618},"end":{"line":1,"column":1065}},"line":1},"4":{"name":"(anonymous_4)","decl":{"start":{"line":2,"column":15},"end":{"line":2,"column":16}},"loc":{"start":{"line":2,"column":35},"end":{"line":2,"column":281}},"line":2},"5":{"name":"AsyncSubject","decl":{"start":{"line":2,"column":79},"end":{"line":2,"column":91}},"loc":{"start":{"line":2,"column":94},"end":{"line":2,"column":260}},"line":2}},"branchMap":{"0":{"loc":{"start":{"line":1,"column":145},"end":{"line":1,"column":191}},"type":"cond-expr","locations":[{"start":{"line":1,"column":169},"end":{"line":1,"column":172}},{"start":{"line":1,"column":175},"end":{"line":1,"column":191}}],"line":1},"1":{"loc":{"start":{"line":1,"column":145},"end":{"line":1,"column":166}},"type":"binary-expr","locations":[{"start":{"line":1,"column":145},"end":{"line":1,"column":148}},{"start":{"line":1,"column":152},"end":{"line":1,"column":166}}],"line":1},"2":{"loc":{"start":{"line":1,"column":242},"end":{"line":1,"column":341}},"type":"if","locations":[{"start":{"line":1,"column":242},"end":{"line":1,"column":341}},{"start":{"line":1,"column":242},"end":{"line":1,"column":341}}],"line":1},"3":{"loc":{"start":{"line":1,"column":391},"end":{"line":1,"column":490}},"type":"if","locations":[{"start":{"line":1,"column":391},"end":{"line":1,"column":490}},{"start":{"line":1,"column":391},"end":{"line":1,"column":490}}],"line":1},"4":{"loc":{"start":{"line":1,"column":497},"end":{"line":1,"column":575}},"type":"cond-expr","locations":[{"start":{"line":1,"column":564},"end":{"line":1,"column":568}},{"start":{"line":1,"column":571},"end":{"line":1,"column":575}}],"line":1},"5":{"loc":{"start":{"line":1,"column":497},"end":{"line":1,"column":561}},"type":"binary-expr","locations":[{"start":{"line":1,"column":497},"end":{"line":1,"column":501}},{"start":{"line":1,"column":506},"end":{"line":1,"column":530}},{"start":{"line":1,"column":534},"end":{"line":1,"column":560}}],"line":1},"6":{"loc":{"start":{"line":1,"column":619},"end":{"line":1,"column":782}},"type":"if","locations":[{"start":{"line":1,"column":619},"end":{"line":1,"column":782}},{"start":{"line":1,"column":619},"end":{"line":1,"column":782}}],"line":1},"7":{"loc":{"start":{"line":1,"column":623},"end":{"line":1,"column":678}},"type":"binary-expr","locations":[{"start":{"line":1,"column":623},"end":{"line":1,"column":655}},{"start":{"line":1,"column":659},"end":{"line":1,"column":678}}],"line":1},"8":{"loc":{"start":{"line":1,"column":817},"end":{"line":1,"column":851}},"type":"binary-expr","locations":[{"start":{"line":1,"column":817},"end":{"line":1,"column":827}},{"start":{"line":1,"column":831},"end":{"line":1,"column":851}}],"line":1},"9":{"loc":{"start":{"line":1,"column":946},"end":{"line":1,"column":1064}},"type":"if","locations":[{"start":{"line":1,"column":946},"end":{"line":1,"column":1064}},{"start":{"line":1,"column":946},"end":{"line":1,"column":1064}}],"line":1},"10":{"loc":{"start":{"line":1,"column":962},"end":{"line":1,"column":1063}},"type":"cond-expr","locations":[{"start":{"line":1,"column":986},"end":{"line":1,"column":1029}},{"start":{"line":1,"column":1032},"end":{"line":1,"column":1063}}],"line":1},"11":{"loc":{"start":{"line":2,"column":172},"end":{"line":2,"column":233}},"type":"binary-expr","locations":[{"start":{"line":2,"column":172},"end":{"line":2,"column":194}},{"start":{"line":2,"column":198},"end":{"line":2,"column":233}}],"line":2}},"s":{"0":0,"1":0,"2":0,"3":0,"4":0,"5":0,"6":0,"7":0,"8":0,"9":0,"10":0,"11":0,"12":0,"13":0,"14":0,"15":0,"16":0,"17":0},"f":{"0":0,"1":0,"2":0,"3":0,"4":0,"5":0},"b":{"0":[0,0],"1":[0,0],"2":[0,0],"3":[0,0],"4":[0,0],"5":[0,0,0],"6":[0,0],"7":[0,0],"8":[0,0],"9":[0,0],"10":[0,0],"11":[0,0]}}
,"/Users/wanglei/platform/workspace/observable/src/BehaviorSubject.js": {"path":"/Users/wanglei/platform/workspace/observable/src/BehaviorSubject.js","statementMap":{"0":{"start":{"line":1,"column":29},"end":{"line":1,"column":49}},"1":{"start":{"line":1,"column":66},"end":{"line":1,"column":99}},"2":{"start":{"line":1,"column":138},"end":{"line":1,"column":192}},"3":{"start":{"line":1,"column":242},"end":{"line":1,"column":341}},"4":{"start":{"line":1,"column":283},"end":{"line":1,"column":340}},"5":{"start":{"line":1,"column":391},"end":{"line":1,"column":490}},"6":{"start":{"line":1,"column":403},"end":{"line":1,"column":489}},"7":{"start":{"line":1,"column":490},"end":{"line":1,"column":576}},"8":{"start":{"line":1,"column":619},"end":{"line":1,"column":782}},"9":{"start":{"line":1,"column":681},"end":{"line":1,"column":781}},"10":{"start":{"line":1,"column":782},"end":{"line":1,"column":946}},"11":{"start":{"line":1,"column":946},"end":{"line":1,"column":1064}},"12":{"start":{"line":1,"column":962},"end":{"line":1,"column":1064}},"13":{"start":{"line":2,"column":18},"end":{"line":2,"column":321}},"14":{"start":{"line":2,"column":39},"end":{"line":2,"column":76}},"15":{"start":{"line":2,"column":104},"end":{"line":2,"column":143}},"16":{"start":{"line":2,"column":143},"end":{"line":2,"column":277}},"17":{"start":{"line":2,"column":278},"end":{"line":2,"column":301}}},"fnMap":{"0":{"name":"_interopRequireDefault","decl":{"start":{"line":1,"column":109},"end":{"line":1,"column":131}},"loc":{"start":{"line":1,"column":137},"end":{"line":1,"column":193}},"line":1},"1":{"name":"_classCallCheck","decl":{"start":{"line":1,"column":202},"end":{"line":1,"column":217}},"loc":{"start":{"line":1,"column":241},"end":{"line":1,"column":342}},"line":1},"2":{"name":"_possibleConstructorReturn","decl":{"start":{"line":1,"column":351},"end":{"line":1,"column":377}},"loc":{"start":{"line":1,"column":390},"end":{"line":1,"column":577}},"line":1},"3":{"name":"_inherits","decl":{"start":{"line":1,"column":586},"end":{"line":1,"column":595}},"loc":{"start":{"line":1,"column":618},"end":{"line":1,"column":1065}},"line":1},"4":{"name":"(anonymous_4)","decl":{"start":{"line":2,"column":18},"end":{"line":2,"column":19}},"loc":{"start":{"line":2,"column":38},"end":{"line":2,"column":302}},"line":2},"5":{"name":"BehaviorSubject","decl":{"start":{"line":2,"column":85},"end":{"line":2,"column":100}},"loc":{"start":{"line":2,"column":103},"end":{"line":2,"column":278}},"line":2}},"branchMap":{"0":{"loc":{"start":{"line":1,"column":145},"end":{"line":1,"column":191}},"type":"cond-expr","locations":[{"start":{"line":1,"column":169},"end":{"line":1,"column":172}},{"start":{"line":1,"column":175},"end":{"line":1,"column":191}}],"line":1},"1":{"loc":{"start":{"line":1,"column":145},"end":{"line":1,"column":166}},"type":"binary-expr","locations":[{"start":{"line":1,"column":145},"end":{"line":1,"column":148}},{"start":{"line":1,"column":152},"end":{"line":1,"column":166}}],"line":1},"2":{"loc":{"start":{"line":1,"column":242},"end":{"line":1,"column":341}},"type":"if","locations":[{"start":{"line":1,"column":242},"end":{"line":1,"column":341}},{"start":{"line":1,"column":242},"end":{"line":1,"column":341}}],"line":1},"3":{"loc":{"start":{"line":1,"column":391},"end":{"line":1,"column":490}},"type":"if","locations":[{"start":{"line":1,"column":391},"end":{"line":1,"column":490}},{"start":{"line":1,"column":391},"end":{"line":1,"column":490}}],"line":1},"4":{"loc":{"start":{"line":1,"column":497},"end":{"line":1,"column":575}},"type":"cond-expr","locations":[{"start":{"line":1,"column":564},"end":{"line":1,"column":568}},{"start":{"line":1,"column":571},"end":{"line":1,"column":575}}],"line":1},"5":{"loc":{"start":{"line":1,"column":497},"end":{"line":1,"column":561}},"type":"binary-expr","locations":[{"start":{"line":1,"column":497},"end":{"line":1,"column":501}},{"start":{"line":1,"column":506},"end":{"line":1,"column":530}},{"start":{"line":1,"column":534},"end":{"line":1,"column":560}}],"line":1},"6":{"loc":{"start":{"line":1,"column":619},"end":{"line":1,"column":782}},"type":"if","locations":[{"start":{"line":1,"column":619},"end":{"line":1,"column":782}},{"start":{"line":1,"column":619},"end":{"line":1,"column":782}}],"line":1},"7":{"loc":{"start":{"line":1,"column":623},"end":{"line":1,"column":678}},"type":"binary-expr","locations":[{"start":{"line":1,"column":623},"end":{"line":1,"column":655}},{"start":{"line":1,"column":659},"end":{"line":1,"column":678}}],"line":1},"8":{"loc":{"start":{"line":1,"column":817},"end":{"line":1,"column":851}},"type":"binary-expr","locations":[{"start":{"line":1,"column":817},"end":{"line":1,"column":827}},{"start":{"line":1,"column":831},"end":{"line":1,"column":851}}],"line":1},"9":{"loc":{"start":{"line":1,"column":946},"end":{"line":1,"column":1064}},"type":"if","locations":[{"start":{"line":1,"column":946},"end":{"line":1,"column":1064}},{"start":{"line":1,"column":946},"end":{"line":1,"column":1064}}],"line":1},"10":{"loc":{"start":{"line":1,"column":962},"end":{"line":1,"column":1063}},"type":"cond-expr","locations":[{"start":{"line":1,"column":986},"end":{"line":1,"column":1029}},{"start":{"line":1,"column":1032},"end":{"line":1,"column":1063}}],"line":1},"11":{"loc":{"start":{"line":2,"column":184},"end":{"line":2,"column":251}},"type":"binary-expr","locations":[{"start":{"line":2,"column":184},"end":{"line":2,"column":209}},{"start":{"line":2,"column":213},"end":{"line":2,"column":251}}],"line":2}},"s":{"0":0,"1":0,"2":0,"3":0,"4":0,"5":0,"6":0,"7":0,"8":0,"9":0,"10":0,"11":0,"12":0,"13":0,"14":0,"15":0,"16":0,"17":0},"f":{"0":0,"1":0,"2":0,"3":0,"4":0,"5":0},"b":{"0":[0,0],"1":[0,0],"2":[0,0],"3":[0,0],"4":[0,0],"5":[0,0,0],"6":[0,0],"7":[0,0],"8":[0,0],"9":[0,0],"10":[0,0],"11":[0,0]}}
,"/Users/wanglei/platform/workspace/observable/src/Observable.js": {"path":"/Users/wanglei/platform/workspace/observable/src/Observable.js","statementMap":{"0":{"start":{"line":5,"column":4},"end":{"line":5,"column":33}},"1":{"start":{"line":15,"column":21},"end":{"line":15,"column":66}},"2":{"start":{"line":16,"column":4},"end":{"line":18,"column":5}},"3":{"start":{"line":17,"column":6},"end":{"line":17,"column":32}},"4":{"start":{"line":19,"column":4},"end":{"line":19,"column":19}},"5":{"start":{"line":23,"column":4},"end":{"line":23,"column":15}},"6":{"start":{"line":27,"column":4},"end":{"line":27,"column":37}}},"fnMap":{"0":{"name":"(anonymous_0)","decl":{"start":{"line":4,"column":2},"end":{"line":4,"column":3}},"loc":{"start":{"line":4,"column":27},"end":{"line":6,"column":3}},"line":4},"1":{"name":"(anonymous_1)","decl":{"start":{"line":14,"column":2},"end":{"line":14,"column":3}},"loc":{"start":{"line":14,"column":46},"end":{"line":20,"column":3}},"line":14},"2":{"name":"(anonymous_2)","decl":{"start":{"line":22,"column":2},"end":{"line":22,"column":3}},"loc":{"start":{"line":22,"column":20},"end":{"line":24,"column":3}},"line":22},"3":{"name":"(anonymous_3)","decl":{"start":{"line":26,"column":2},"end":{"line":26,"column":3}},"loc":{"start":{"line":26,"column":29},"end":{"line":28,"column":3}},"line":26},"4":{"name":"(anonymous_4)","decl":{"start":{"line":30,"column":2},"end":{"line":30,"column":3}},"loc":{"start":{"line":30,"column":17},"end":{"line":30,"column":19}},"line":30}},"branchMap":{"0":{"loc":{"start":{"line":16,"column":4},"end":{"line":18,"column":5}},"type":"if","locations":[{"start":{"line":16,"column":4},"end":{"line":18,"column":5}},{"start":{"line":16,"column":4},"end":{"line":18,"column":5}}],"line":16}},"s":{"0":1,"1":0,"2":0,"3":0,"4":0,"5":0,"6":0},"f":{"0":1,"1":0,"2":0,"3":0,"4":0},"b":{"0":[0,0]},"_coverageSchema":"332fd63041d2c1bcb487cc26dd0d5f7d97098a6c","hash":"3f721853690c04131ce13b5dd2c3039e4c0296d7"}
,"/Users/wanglei/platform/workspace/observable/src/Observer.js": {"path":"/Users/wanglei/platform/workspace/observable/src/Observer.js","statementMap":{"0":{"start":{"line":1,"column":13},"end":{"line":1,"column":75}},"1":{"start":{"line":1,"column":94},"end":{"line":1,"column":623}},"2":{"start":{"line":1,"column":149},"end":{"line":1,"column":414}},"3":{"start":{"line":1,"column":206},"end":{"line":1,"column":214}},"4":{"start":{"line":1,"column":215},"end":{"line":1,"column":270}},"5":{"start":{"line":1,"column":270},"end":{"line":1,"column":301}},"6":{"start":{"line":1,"column":301},"end":{"line":1,"column":355}},"7":{"start":{"line":1,"column":328},"end":{"line":1,"column":355}},"8":{"start":{"line":1,"column":355},"end":{"line":1,"column":413}},"9":{"start":{"line":1,"column":415},"end":{"line":1,"column":620}},"10":{"start":{"line":1,"column":471},"end":{"line":1,"column":539}},"11":{"start":{"line":1,"column":487},"end":{"line":1,"column":539}},"12":{"start":{"line":1,"column":539},"end":{"line":1,"column":599}},"13":{"start":{"line":1,"column":556},"end":{"line":1,"column":599}},"14":{"start":{"line":1,"column":599},"end":{"line":1,"column":618}},"15":{"start":{"line":1,"column":673},"end":{"line":1,"column":772}},"16":{"start":{"line":1,"column":714},"end":{"line":1,"column":771}},"17":{"start":{"line":1,"column":788},"end":{"line":10,"column":30}},"18":{"start":{"line":2,"column":54},"end":{"line":2,"column":86}},"19":{"start":{"line":4,"column":3},"end":{"line":10,"column":11}},"20":{"start":{"line":10,"column":11},"end":{"line":10,"column":27}}},"fnMap":{"0":{"name":"(anonymous_0)","decl":{"start":{"line":1,"column":94},"end":{"line":1,"column":95}},"loc":{"start":{"line":1,"column":106},"end":{"line":1,"column":621}},"line":1},"1":{"name":"defineProperties","decl":{"start":{"line":1,"column":116},"end":{"line":1,"column":132}},"loc":{"start":{"line":1,"column":148},"end":{"line":1,"column":415}},"line":1},"2":{"name":"(anonymous_2)","decl":{"start":{"line":1,"column":422},"end":{"line":1,"column":423}},"loc":{"start":{"line":1,"column":470},"end":{"line":1,"column":619}},"line":1},"3":{"name":"_classCallCheck","decl":{"start":{"line":1,"column":633},"end":{"line":1,"column":648}},"loc":{"start":{"line":1,"column":672},"end":{"line":1,"column":773}},"line":1},"4":{"name":"(anonymous_4)","decl":{"start":{"line":1,"column":807},"end":{"line":1,"column":808}},"loc":{"start":{"line":1,"column":819},"end":{"line":10,"column":28}},"line":1},"5":{"name":"Observer","decl":{"start":{"line":2,"column":11},"end":{"line":2,"column":19}},"loc":{"start":{"line":2,"column":53},"end":{"line":4,"column":3}},"line":2},"6":{"name":"next","decl":{"start":{"line":4,"column":58},"end":{"line":4,"column":62}},"loc":{"start":{"line":6,"column":9},"end":{"line":6,"column":11}},"line":6},"7":{"name":"error","decl":{"start":{"line":6,"column":47},"end":{"line":6,"column":52}},"loc":{"start":{"line":8,"column":7},"end":{"line":8,"column":9}},"line":8},"8":{"name":"complete","decl":{"start":{"line":8,"column":48},"end":{"line":8,"column":56}},"loc":{"start":{"line":10,"column":4},"end":{"line":10,"column":6}},"line":10}},"branchMap":{"0":{"loc":{"start":{"line":1,"column":239},"end":{"line":1,"column":269}},"type":"binary-expr","locations":[{"start":{"line":1,"column":239},"end":{"line":1,"column":260}},{"start":{"line":1,"column":264},"end":{"line":1,"column":269}}],"line":1},"1":{"loc":{"start":{"line":1,"column":301},"end":{"line":1,"column":355}},"type":"if","locations":[{"start":{"line":1,"column":301},"end":{"line":1,"column":355}},{"start":{"line":1,"column":301},"end":{"line":1,"column":355}}],"line":1},"2":{"loc":{"start":{"line":1,"column":471},"end":{"line":1,"column":539}},"type":"if","locations":[{"start":{"line":1,"column":471},"end":{"line":1,"column":539}},{"start":{"line":1,"column":471},"end":{"line":1,"column":539}}],"line":1},"3":{"loc":{"start":{"line":1,"column":539},"end":{"line":1,"column":599}},"type":"if","locations":[{"start":{"line":1,"column":539},"end":{"line":1,"column":599}},{"start":{"line":1,"column":539},"end":{"line":1,"column":599}}],"line":1},"4":{"loc":{"start":{"line":1,"column":673},"end":{"line":1,"column":772}},"type":"if","locations":[{"start":{"line":1,"column":673},"end":{"line":1,"column":772}},{"start":{"line":1,"column":673},"end":{"line":1,"column":772}}],"line":1}},"s":{"0":0,"1":0,"2":0,"3":0,"4":0,"5":0,"6":0,"7":0,"8":0,"9":0,"10":0,"11":0,"12":0,"13":0,"14":0,"15":0,"16":0,"17":0,"18":0,"19":0,"20":0},"f":{"0":0,"1":0,"2":0,"3":0,"4":0,"5":0,"6":0,"7":0,"8":0},"b":{"0":[0,0],"1":[0,0],"2":[0,0],"3":[0,0],"4":[0,0]}}
,"/Users/wanglei/platform/workspace/observable/src/ReplaySubject.js": {"path":"/Users/wanglei/platform/workspace/observable/src/ReplaySubject.js","statementMap":{"0":{"start":{"line":1,"column":29},"end":{"line":1,"column":49}},"1":{"start":{"line":1,"column":66},"end":{"line":1,"column":99}},"2":{"start":{"line":1,"column":138},"end":{"line":1,"column":192}},"3":{"start":{"line":1,"column":242},"end":{"line":1,"column":341}},"4":{"start":{"line":1,"column":283},"end":{"line":1,"column":340}},"5":{"start":{"line":1,"column":391},"end":{"line":1,"column":490}},"6":{"start":{"line":1,"column":403},"end":{"line":1,"column":489}},"7":{"start":{"line":1,"column":490},"end":{"line":1,"column":576}},"8":{"start":{"line":1,"column":619},"end":{"line":1,"column":782}},"9":{"start":{"line":1,"column":681},"end":{"line":1,"column":781}},"10":{"start":{"line":1,"column":782},"end":{"line":1,"column":946}},"11":{"start":{"line":1,"column":946},"end":{"line":1,"column":1064}},"12":{"start":{"line":1,"column":962},"end":{"line":1,"column":1064}},"13":{"start":{"line":2,"column":16},"end":{"line":2,"column":307}},"14":{"start":{"line":2,"column":37},"end":{"line":2,"column":72}},"15":{"start":{"line":2,"column":98},"end":{"line":2,"column":135}},"16":{"start":{"line":2,"column":135},"end":{"line":2,"column":265}},"17":{"start":{"line":2,"column":266},"end":{"line":2,"column":287}}},"fnMap":{"0":{"name":"_interopRequireDefault","decl":{"start":{"line":1,"column":109},"end":{"line":1,"column":131}},"loc":{"start":{"line":1,"column":137},"end":{"line":1,"column":193}},"line":1},"1":{"name":"_classCallCheck","decl":{"start":{"line":1,"column":202},"end":{"line":1,"column":217}},"loc":{"start":{"line":1,"column":241},"end":{"line":1,"column":342}},"line":1},"2":{"name":"_possibleConstructorReturn","decl":{"start":{"line":1,"column":351},"end":{"line":1,"column":377}},"loc":{"start":{"line":1,"column":390},"end":{"line":1,"column":577}},"line":1},"3":{"name":"_inherits","decl":{"start":{"line":1,"column":586},"end":{"line":1,"column":595}},"loc":{"start":{"line":1,"column":618},"end":{"line":1,"column":1065}},"line":1},"4":{"name":"(anonymous_4)","decl":{"start":{"line":2,"column":16},"end":{"line":2,"column":17}},"loc":{"start":{"line":2,"column":36},"end":{"line":2,"column":288}},"line":2},"5":{"name":"ReplaySubject","decl":{"start":{"line":2,"column":81},"end":{"line":2,"column":94}},"loc":{"start":{"line":2,"column":97},"end":{"line":2,"column":266}},"line":2}},"branchMap":{"0":{"loc":{"start":{"line":1,"column":145},"end":{"line":1,"column":191}},"type":"cond-expr","locations":[{"start":{"line":1,"column":169},"end":{"line":1,"column":172}},{"start":{"line":1,"column":175},"end":{"line":1,"column":191}}],"line":1},"1":{"loc":{"start":{"line":1,"column":145},"end":{"line":1,"column":166}},"type":"binary-expr","locations":[{"start":{"line":1,"column":145},"end":{"line":1,"column":148}},{"start":{"line":1,"column":152},"end":{"line":1,"column":166}}],"line":1},"2":{"loc":{"start":{"line":1,"column":242},"end":{"line":1,"column":341}},"type":"if","locations":[{"start":{"line":1,"column":242},"end":{"line":1,"column":341}},{"start":{"line":1,"column":242},"end":{"line":1,"column":341}}],"line":1},"3":{"loc":{"start":{"line":1,"column":391},"end":{"line":1,"column":490}},"type":"if","locations":[{"start":{"line":1,"column":391},"end":{"line":1,"column":490}},{"start":{"line":1,"column":391},"end":{"line":1,"column":490}}],"line":1},"4":{"loc":{"start":{"line":1,"column":497},"end":{"line":1,"column":575}},"type":"cond-expr","locations":[{"start":{"line":1,"column":564},"end":{"line":1,"column":568}},{"start":{"line":1,"column":571},"end":{"line":1,"column":575}}],"line":1},"5":{"loc":{"start":{"line":1,"column":497},"end":{"line":1,"column":561}},"type":"binary-expr","locations":[{"start":{"line":1,"column":497},"end":{"line":1,"column":501}},{"start":{"line":1,"column":506},"end":{"line":1,"column":530}},{"start":{"line":1,"column":534},"end":{"line":1,"column":560}}],"line":1},"6":{"loc":{"start":{"line":1,"column":619},"end":{"line":1,"column":782}},"type":"if","locations":[{"start":{"line":1,"column":619},"end":{"line":1,"column":782}},{"start":{"line":1,"column":619},"end":{"line":1,"column":782}}],"line":1},"7":{"loc":{"start":{"line":1,"column":623},"end":{"line":1,"column":678}},"type":"binary-expr","locations":[{"start":{"line":1,"column":623},"end":{"line":1,"column":655}},{"start":{"line":1,"column":659},"end":{"line":1,"column":678}}],"line":1},"8":{"loc":{"start":{"line":1,"column":817},"end":{"line":1,"column":851}},"type":"binary-expr","locations":[{"start":{"line":1,"column":817},"end":{"line":1,"column":827}},{"start":{"line":1,"column":831},"end":{"line":1,"column":851}}],"line":1},"9":{"loc":{"start":{"line":1,"column":946},"end":{"line":1,"column":1064}},"type":"if","locations":[{"start":{"line":1,"column":946},"end":{"line":1,"column":1064}},{"start":{"line":1,"column":946},"end":{"line":1,"column":1064}}],"line":1},"10":{"loc":{"start":{"line":1,"column":962},"end":{"line":1,"column":1063}},"type":"cond-expr","locations":[{"start":{"line":1,"column":986},"end":{"line":1,"column":1029}},{"start":{"line":1,"column":1032},"end":{"line":1,"column":1063}}],"line":1},"11":{"loc":{"start":{"line":2,"column":176},"end":{"line":2,"column":239}},"type":"binary-expr","locations":[{"start":{"line":2,"column":176},"end":{"line":2,"column":199}},{"start":{"line":2,"column":203},"end":{"line":2,"column":239}}],"line":2}},"s":{"0":0,"1":0,"2":0,"3":0,"4":0,"5":0,"6":0,"7":0,"8":0,"9":0,"10":0,"11":0,"12":0,"13":0,"14":0,"15":0,"16":0,"17":0},"f":{"0":0,"1":0,"2":0,"3":0,"4":0,"5":0},"b":{"0":[0,0],"1":[0,0],"2":[0,0],"3":[0,0],"4":[0,0],"5":[0,0,0],"6":[0,0],"7":[0,0],"8":[0,0],"9":[0,0],"10":[0,0],"11":[0,0]}}
,"/Users/wanglei/platform/workspace/observable/src/Scheduler.js": {"path":"/Users/wanglei/platform/workspace/observable/src/Scheduler.js","statementMap":{},"fnMap":{},"branchMap":{},"s":{},"f":{},"b":{}}
,"/Users/wanglei/platform/workspace/observable/src/Subject.js": {"path":"/Users/wanglei/platform/workspace/observable/src/Subject.js","statementMap":{"0":{"start":{"line":1,"column":13},"end":{"line":1,"column":75}},"1":{"start":{"line":1,"column":94},"end":{"line":1,"column":117}},"2":{"start":{"line":1,"column":137},"end":{"line":1,"column":173}},"3":{"start":{"line":1,"column":212},"end":{"line":1,"column":266}},"4":{"start":{"line":1,"column":316},"end":{"line":1,"column":415}},"5":{"start":{"line":1,"column":357},"end":{"line":1,"column":414}},"6":{"start":{"line":1,"column":465},"end":{"line":1,"column":564}},"7":{"start":{"line":1,"column":477},"end":{"line":1,"column":563}},"8":{"start":{"line":1,"column":564},"end":{"line":1,"column":650}},"9":{"start":{"line":1,"column":693},"end":{"line":1,"column":856}},"10":{"start":{"line":1,"column":755},"end":{"line":1,"column":855}},"11":{"start":{"line":1,"column":856},"end":{"line":1,"column":1020}},"12":{"start":{"line":1,"column":1020},"end":{"line":1,"column":1138}},"13":{"start":{"line":1,"column":1036},"end":{"line":1,"column":1138}},"14":{"start":{"line":2,"column":10},"end":{"line":2,"column":274}},"15":{"start":{"line":2,"column":34},"end":{"line":2,"column":66}},"16":{"start":{"line":2,"column":86},"end":{"line":2,"column":117}},"17":{"start":{"line":2,"column":117},"end":{"line":2,"column":235}},"18":{"start":{"line":2,"column":236},"end":{"line":2,"column":251}},"19":{"start":{"line":2,"column":275},"end":{"line":5,"column":8}}},"fnMap":{"0":{"name":"_interopRequireDefault","decl":{"start":{"line":1,"column":183},"end":{"line":1,"column":205}},"loc":{"start":{"line":1,"column":211},"end":{"line":1,"column":267}},"line":1},"1":{"name":"_classCallCheck","decl":{"start":{"line":1,"column":276},"end":{"line":1,"column":291}},"loc":{"start":{"line":1,"column":315},"end":{"line":1,"column":416}},"line":1},"2":{"name":"_possibleConstructorReturn","decl":{"start":{"line":1,"column":425},"end":{"line":1,"column":451}},"loc":{"start":{"line":1,"column":464},"end":{"line":1,"column":651}},"line":1},"3":{"name":"_inherits","decl":{"start":{"line":1,"column":660},"end":{"line":1,"column":669}},"loc":{"start":{"line":1,"column":692},"end":{"line":1,"column":1139}},"line":1},"4":{"name":"(anonymous_4)","decl":{"start":{"line":2,"column":10},"end":{"line":2,"column":11}},"loc":{"start":{"line":2,"column":33},"end":{"line":2,"column":252}},"line":2},"5":{"name":"Subject","decl":{"start":{"line":2,"column":75},"end":{"line":2,"column":82}},"loc":{"start":{"line":2,"column":85},"end":{"line":2,"column":236}},"line":2}},"branchMap":{"0":{"loc":{"start":{"line":1,"column":219},"end":{"line":1,"column":265}},"type":"cond-expr","locations":[{"start":{"line":1,"column":243},"end":{"line":1,"column":246}},{"start":{"line":1,"column":249},"end":{"line":1,"column":265}}],"line":1},"1":{"loc":{"start":{"line":1,"column":219},"end":{"line":1,"column":240}},"type":"binary-expr","locations":[{"start":{"line":1,"column":219},"end":{"line":1,"column":222}},{"start":{"line":1,"column":226},"end":{"line":1,"column":240}}],"line":1},"2":{"loc":{"start":{"line":1,"column":316},"end":{"line":1,"column":415}},"type":"if","locations":[{"start":{"line":1,"column":316},"end":{"line":1,"column":415}},{"start":{"line":1,"column":316},"end":{"line":1,"column":415}}],"line":1},"3":{"loc":{"start":{"line":1,"column":465},"end":{"line":1,"column":564}},"type":"if","locations":[{"start":{"line":1,"column":465},"end":{"line":1,"column":564}},{"start":{"line":1,"column":465},"end":{"line":1,"column":564}}],"line":1},"4":{"loc":{"start":{"line":1,"column":571},"end":{"line":1,"column":649}},"type":"cond-expr","locations":[{"start":{"line":1,"column":638},"end":{"line":1,"column":642}},{"start":{"line":1,"column":645},"end":{"line":1,"column":649}}],"line":1},"5":{"loc":{"start":{"line":1,"column":571},"end":{"line":1,"column":635}},"type":"binary-expr","locations":[{"start":{"line":1,"column":571},"end":{"line":1,"column":575}},{"start":{"line":1,"column":580},"end":{"line":1,"column":604}},{"start":{"line":1,"column":608},"end":{"line":1,"column":634}}],"line":1},"6":{"loc":{"start":{"line":1,"column":693},"end":{"line":1,"column":856}},"type":"if","locations":[{"start":{"line":1,"column":693},"end":{"line":1,"column":856}},{"start":{"line":1,"column":693},"end":{"line":1,"column":856}}],"line":1},"7":{"loc":{"start":{"line":1,"column":697},"end":{"line":1,"column":752}},"type":"binary-expr","locations":[{"start":{"line":1,"column":697},"end":{"line":1,"column":729}},{"start":{"line":1,"column":733},"end":{"line":1,"column":752}}],"line":1},"8":{"loc":{"start":{"line":1,"column":891},"end":{"line":1,"column":925}},"type":"binary-expr","locations":[{"start":{"line":1,"column":891},"end":{"line":1,"column":901}},{"start":{"line":1,"column":905},"end":{"line":1,"column":925}}],"line":1},"9":{"loc":{"start":{"line":1,"column":1020},"end":{"line":1,"column":1138}},"type":"if","locations":[{"start":{"line":1,"column":1020},"end":{"line":1,"column":1138}},{"start":{"line":1,"column":1020},"end":{"line":1,"column":1138}}],"line":1},"10":{"loc":{"start":{"line":1,"column":1036},"end":{"line":1,"column":1137}},"type":"cond-expr","locations":[{"start":{"line":1,"column":1060},"end":{"line":1,"column":1103}},{"start":{"line":1,"column":1106},"end":{"line":1,"column":1137}}],"line":1},"11":{"loc":{"start":{"line":2,"column":158},"end":{"line":2,"column":209}},"type":"binary-expr","locations":[{"start":{"line":2,"column":158},"end":{"line":2,"column":175}},{"start":{"line":2,"column":179},"end":{"line":2,"column":209}}],"line":2}},"s":{"0":0,"1":0,"2":0,"3":0,"4":0,"5":0,"6":0,"7":0,"8":0,"9":0,"10":0,"11":0,"12":0,"13":0,"14":0,"15":0,"16":0,"17":0,"18":0,"19":0},"f":{"0":0,"1":0,"2":0,"3":0,"4":0,"5":0},"b":{"0":[0,0],"1":[0,0],"2":[0,0],"3":[0,0],"4":[0,0],"5":[0,0,0],"6":[0,0],"7":[0,0],"8":[0,0],"9":[0,0],"10":[0,0],"11":[0,0]}}
,"/Users/wanglei/platform/workspace/observable/src/SubjectSubscriber.js": {"path":"/Users/wanglei/platform/workspace/observable/src/SubjectSubscriber.js","statementMap":{"0":{"start":{"line":1,"column":29},"end":{"line":1,"column":49}},"1":{"start":{"line":1,"column":66},"end":{"line":1,"column":99}},"2":{"start":{"line":1,"column":138},"end":{"line":1,"column":192}},"3":{"start":{"line":1,"column":242},"end":{"line":1,"column":341}},"4":{"start":{"line":1,"column":283},"end":{"line":1,"column":340}},"5":{"start":{"line":1,"column":391},"end":{"line":1,"column":490}},"6":{"start":{"line":1,"column":403},"end":{"line":1,"column":489}},"7":{"start":{"line":1,"column":490},"end":{"line":1,"column":576}},"8":{"start":{"line":1,"column":619},"end":{"line":1,"column":782}},"9":{"start":{"line":1,"column":681},"end":{"line":1,"column":781}},"10":{"start":{"line":1,"column":782},"end":{"line":1,"column":946}},"11":{"start":{"line":1,"column":946},"end":{"line":1,"column":1064}},"12":{"start":{"line":1,"column":962},"end":{"line":1,"column":1064}},"13":{"start":{"line":2,"column":20},"end":{"line":2,"column":335}},"14":{"start":{"line":2,"column":41},"end":{"line":2,"column":80}},"15":{"start":{"line":2,"column":110},"end":{"line":2,"column":151}},"16":{"start":{"line":2,"column":151},"end":{"line":2,"column":289}},"17":{"start":{"line":2,"column":290},"end":{"line":2,"column":315}}},"fnMap":{"0":{"name":"_interopRequireDefault","decl":{"start":{"line":1,"column":109},"end":{"line":1,"column":131}},"loc":{"start":{"line":1,"column":137},"end":{"line":1,"column":193}},"line":1},"1":{"name":"_classCallCheck","decl":{"start":{"line":1,"column":202},"end":{"line":1,"column":217}},"loc":{"start":{"line":1,"column":241},"end":{"line":1,"column":342}},"line":1},"2":{"name":"_possibleConstructorReturn","decl":{"start":{"line":1,"column":351},"end":{"line":1,"column":377}},"loc":{"start":{"line":1,"column":390},"end":{"line":1,"column":577}},"line":1},"3":{"name":"_inherits","decl":{"start":{"line":1,"column":586},"end":{"line":1,"column":595}},"loc":{"start":{"line":1,"column":618},"end":{"line":1,"column":1065}},"line":1},"4":{"name":"(anonymous_4)","decl":{"start":{"line":2,"column":20},"end":{"line":2,"column":21}},"loc":{"start":{"line":2,"column":40},"end":{"line":2,"column":316}},"line":2},"5":{"name":"SubjectSubscriber","decl":{"start":{"line":2,"column":89},"end":{"line":2,"column":106}},"loc":{"start":{"line":2,"column":109},"end":{"line":2,"column":290}},"line":2}},"branchMap":{"0":{"loc":{"start":{"line":1,"column":145},"end":{"line":1,"column":191}},"type":"cond-expr","locations":[{"start":{"line":1,"column":169},"end":{"line":1,"column":172}},{"start":{"line":1,"column":175},"end":{"line":1,"column":191}}],"line":1},"1":{"loc":{"start":{"line":1,"column":145},"end":{"line":1,"column":166}},"type":"binary-expr","locations":[{"start":{"line":1,"column":145},"end":{"line":1,"column":148}},{"start":{"line":1,"column":152},"end":{"line":1,"column":166}}],"line":1},"2":{"loc":{"start":{"line":1,"column":242},"end":{"line":1,"column":341}},"type":"if","locations":[{"start":{"line":1,"column":242},"end":{"line":1,"column":341}},{"start":{"line":1,"column":242},"end":{"line":1,"column":341}}],"line":1},"3":{"loc":{"start":{"line":1,"column":391},"end":{"line":1,"column":490}},"type":"if","locations":[{"start":{"line":1,"column":391},"end":{"line":1,"column":490}},{"start":{"line":1,"column":391},"end":{"line":1,"column":490}}],"line":1},"4":{"loc":{"start":{"line":1,"column":497},"end":{"line":1,"column":575}},"type":"cond-expr","locations":[{"start":{"line":1,"column":564},"end":{"line":1,"column":568}},{"start":{"line":1,"column":571},"end":{"line":1,"column":575}}],"line":1},"5":{"loc":{"start":{"line":1,"column":497},"end":{"line":1,"column":561}},"type":"binary-expr","locations":[{"start":{"line":1,"column":497},"end":{"line":1,"column":501}},{"start":{"line":1,"column":506},"end":{"line":1,"column":530}},{"start":{"line":1,"column":534},"end":{"line":1,"column":560}}],"line":1},"6":{"loc":{"start":{"line":1,"column":619},"end":{"line":1,"column":782}},"type":"if","locations":[{"start":{"line":1,"column":619},"end":{"line":1,"column":782}},{"start":{"line":1,"column":619},"end":{"line":1,"column":782}}],"line":1},"7":{"loc":{"start":{"line":1,"column":623},"end":{"line":1,"column":678}},"type":"binary-expr","locations":[{"start":{"line":1,"column":623},"end":{"line":1,"column":655}},{"start":{"line":1,"column":659},"end":{"line":1,"column":678}}],"line":1},"8":{"loc":{"start":{"line":1,"column":817},"end":{"line":1,"column":851}},"type":"binary-expr","locations":[{"start":{"line":1,"column":817},"end":{"line":1,"column":827}},{"start":{"line":1,"column":831},"end":{"line":1,"column":851}}],"line":1},"9":{"loc":{"start":{"line":1,"column":946},"end":{"line":1,"column":1064}},"type":"if","locations":[{"start":{"line":1,"column":946},"end":{"line":1,"column":1064}},{"start":{"line":1,"column":946},"end":{"line":1,"column":1064}}],"line":1},"10":{"loc":{"start":{"line":1,"column":962},"end":{"line":1,"column":1063}},"type":"cond-expr","locations":[{"start":{"line":1,"column":986},"end":{"line":1,"column":1029}},{"start":{"line":1,"column":1032},"end":{"line":1,"column":1063}}],"line":1},"11":{"loc":{"start":{"line":2,"column":192},"end":{"line":2,"column":263}},"type":"binary-expr","locations":[{"start":{"line":2,"column":192},"end":{"line":2,"column":219}},{"start":{"line":2,"column":223},"end":{"line":2,"column":263}}],"line":2}},"s":{"0":0,"1":0,"2":0,"3":0,"4":0,"5":0,"6":0,"7":0,"8":0,"9":0,"10":0,"11":0,"12":0,"13":0,"14":0,"15":0,"16":0,"17":0},"f":{"0":0,"1":0,"2":0,"3":0,"4":0,"5":0},"b":{"0":[0,0],"1":[0,0],"2":[0,0],"3":[0,0],"4":[0,0],"5":[0,0,0],"6":[0,0],"7":[0,0],"8":[0,0],"9":[0,0],"10":[0,0],"11":[0,0]}}
,"/Users/wanglei/platform/workspace/observable/src/Subscriber.js": {"path":"/Users/wanglei/platform/workspace/observable/src/Subscriber.js","statementMap":{"0":{"start":{"line":8,"column":4},"end":{"line":8,"column":11}},"1":{"start":{"line":9,"column":4},"end":{"line":9,"column":21}},"2":{"start":{"line":10,"column":4},"end":{"line":10,"column":23}},"3":{"start":{"line":11,"column":4},"end":{"line":11,"column":29}},"4":{"start":{"line":12,"column":4},"end":{"line":12,"column":22}},"5":{"start":{"line":16,"column":4},"end":{"line":18,"column":5}},"6":{"start":{"line":17,"column":6},"end":{"line":17,"column":21}},"7":{"start":{"line":22,"column":4},"end":{"line":24,"column":5}},"8":{"start":{"line":23,"column":6},"end":{"line":23,"column":20}},"9":{"start":{"line":25,"column":4},"end":{"line":25,"column":23}},"10":{"start":{"line":29,"column":4},"end":{"line":31,"column":5}},"11":{"start":{"line":30,"column":6},"end":{"line":30,"column":22}},"12":{"start":{"line":32,"column":4},"end":{"line":32,"column":23}},"13":{"start":{"line":40,"column":31},"end":{"line":40,"column":47}},"14":{"start":{"line":43,"column":13},"end":{"line":43,"column":27}},"15":{"start":{"line":44,"column":2},"end":{"line":44,"column":51}},"16":{"start":{"line":44,"column":29},"end":{"line":44,"column":51}},"17":{"start":{"line":45,"column":2},"end":{"line":45,"column":65}},"18":{"start":{"line":45,"column":44},"end":{"line":45,"column":65}},"19":{"start":{"line":46,"column":2},"end":{"line":50,"column":3}},"20":{"start":{"line":47,"column":4},"end":{"line":47,"column":30}},"21":{"start":{"line":48,"column":4},"end":{"line":48,"column":32}},"22":{"start":{"line":49,"column":4},"end":{"line":49,"column":38}},"23":{"start":{"line":51,"column":2},"end":{"line":51,"column":46}}},"fnMap":{"0":{"name":"(anonymous_0)","decl":{"start":{"line":7,"column":2},"end":{"line":7,"column":3}},"loc":{"start":{"line":7,"column":38},"end":{"line":13,"column":3}},"line":7},"1":{"name":"(anonymous_1)","decl":{"start":{"line":15,"column":2},"end":{"line":15,"column":3}},"loc":{"start":{"line":15,"column":13},"end":{"line":19,"column":3}},"line":15},"2":{"name":"(anonymous_2)","decl":{"start":{"line":21,"column":2},"end":{"line":21,"column":3}},"loc":{"start":{"line":21,"column":12},"end":{"line":26,"column":3}},"line":21},"3":{"name":"(anonymous_3)","decl":{"start":{"line":28,"column":2},"end":{"line":28,"column":3}},"loc":{"start":{"line":28,"column":14},"end":{"line":33,"column":3}},"line":28},"4":{"name":"(anonymous_4)","decl":{"start":{"line":35,"column":2},"end":{"line":35,"column":3}},"loc":{"start":{"line":35,"column":18},"end":{"line":37,"column":3}},"line":35},"5":{"name":"toSubscriber","decl":{"start":{"line":42,"column":16},"end":{"line":42,"column":28}},"loc":{"start":{"line":42,"column":63},"end":{"line":52,"column":1}},"line":42}},"branchMap":{"0":{"loc":{"start":{"line":16,"column":4},"end":{"line":18,"column":5}},"type":"if","locations":[{"start":{"line":16,"column":4},"end":{"line":18,"column":5}},{"start":{"line":16,"column":4},"end":{"line":18,"column":5}}],"line":16},"1":{"loc":{"start":{"line":22,"column":4},"end":{"line":24,"column":5}},"type":"if","locations":[{"start":{"line":22,"column":4},"end":{"line":24,"column":5}},{"start":{"line":22,"column":4},"end":{"line":24,"column":5}}],"line":22},"2":{"loc":{"start":{"line":29,"column":4},"end":{"line":31,"column":5}},"type":"if","locations":[{"start":{"line":29,"column":4},"end":{"line":31,"column":5}},{"start":{"line":29,"column":4},"end":{"line":31,"column":5}}],"line":29},"3":{"loc":{"start":{"line":44,"column":2},"end":{"line":44,"column":51}},"type":"if","locations":[{"start":{"line":44,"column":2},"end":{"line":44,"column":51}},{"start":{"line":44,"column":2},"end":{"line":44,"column":51}}],"line":44},"4":{"loc":{"start":{"line":45,"column":2},"end":{"line":45,"column":65}},"type":"if","locations":[{"start":{"line":45,"column":2},"end":{"line":45,"column":65}},{"start":{"line":45,"column":2},"end":{"line":45,"column":65}}],"line":45},"5":{"loc":{"start":{"line":46,"column":2},"end":{"line":50,"column":3}},"type":"if","locations":[{"start":{"line":46,"column":2},"end":{"line":50,"column":3}},{"start":{"line":46,"column":2},"end":{"line":50,"column":3}}],"line":46}},"s":{"0":1,"1":1,"2":1,"3":1,"4":1,"5":0,"6":0,"7":0,"8":0,"9":0,"10":0,"11":0,"12":0,"13":1,"14":0,"15":0,"16":0,"17":0,"18":0,"19":0,"20":0,"21":0,"22":0,"23":0},"f":{"0":1,"1":0,"2":0,"3":0,"4":0,"5":0},"b":{"0":[0,0],"1":[0,0],"2":[0,0],"3":[0,0],"4":[0,0],"5":[0,0]},"_coverageSchema":"332fd63041d2c1bcb487cc26dd0d5f7d97098a6c","hash":"4223f7f12a1d1243f86f2ab6ac5afcc979b258fa"}
,"/Users/wanglei/platform/workspace/observable/src/Subscription.js": {"path":"/Users/wanglei/platform/workspace/observable/src/Subscription.js","statementMap":{"0":{"start":{"line":3,"column":4},"end":{"line":3,"column":24}},"1":{"start":{"line":7,"column":4},"end":{"line":9,"column":5}},"2":{"start":{"line":8,"column":6},"end":{"line":8,"column":25}},"3":{"start":{"line":10,"column":4},"end":{"line":10,"column":23}},"4":{"start":{"line":14,"column":4},"end":{"line":14,"column":23}}},"fnMap":{"0":{"name":"(anonymous_0)","decl":{"start":{"line":2,"column":2},"end":{"line":2,"column":3}},"loc":{"start":{"line":2,"column":17},"end":{"line":4,"column":3}},"line":2},"1":{"name":"(anonymous_1)","decl":{"start":{"line":6,"column":2},"end":{"line":6,"column":3}},"loc":{"start":{"line":6,"column":17},"end":{"line":11,"column":3}},"line":6},"2":{"name":"(anonymous_2)","decl":{"start":{"line":13,"column":2},"end":{"line":13,"column":3}},"loc":{"start":{"line":13,"column":16},"end":{"line":15,"column":3}},"line":13}},"branchMap":{"0":{"loc":{"start":{"line":7,"column":4},"end":{"line":9,"column":5}},"type":"if","locations":[{"start":{"line":7,"column":4},"end":{"line":9,"column":5}},{"start":{"line":7,"column":4},"end":{"line":9,"column":5}}],"line":7}},"s":{"0":1,"1":0,"2":0,"3":0,"4":0},"f":{"0":1,"1":0,"2":0},"b":{"0":[0,0]},"_coverageSchema":"332fd63041d2c1bcb487cc26dd0d5f7d97098a6c","hash":"fdf337f01584208c43038d70d7b306d97dd1e137"}
,"/Users/wanglei/platform/workspace/observable/src/index.js": {"path":"/Users/wanglei/platform/workspace/observable/src/index.js","statementMap":{},"fnMap":{},"branchMap":{},"s":{},"f":{},"b":{},"_coverageSchema":"332fd63041d2c1bcb487cc26dd0d5f7d97098a6c","hash":"746276bb4a25bc887f375a515424822ec5ffb0b3"}
,"/Users/wanglei/platform/workspace/observable/src/symbol.js": {"path":"/Users/wanglei/platform/workspace/observable/src/symbol.js","statementMap":{"0":{"start":{"line":4,"column":2},"end":{"line":13,"column":3}},"1":{"start":{"line":5,"column":4},"end":{"line":10,"column":5}},"2":{"start":{"line":6,"column":6},"end":{"line":6,"column":38}},"3":{"start":{"line":8,"column":6},"end":{"line":8,"column":41}},"4":{"start":{"line":9,"column":6},"end":{"line":9,"column":38}},"5":{"start":{"line":12,"column":4},"end":{"line":12,"column":33}},"6":{"start":{"line":15,"column":2},"end":{"line":15,"column":21}},"7":{"start":{"line":18,"column":26},"end":{"line":18,"column":47}}},"fnMap":{"0":{"name":"getSymbolObservable","decl":{"start":{"line":1,"column":16},"end":{"line":1,"column":35}},"loc":{"start":{"line":1,"column":39},"end":{"line":16,"column":1}},"line":1}},"branchMap":{"0":{"loc":{"start":{"line":4,"column":2},"end":{"line":13,"column":3}},"type":"if","locations":[{"start":{"line":4,"column":2},"end":{"line":13,"column":3}},{"start":{"line":4,"column":2},"end":{"line":13,"column":3}}],"line":4},"1":{"loc":{"start":{"line":5,"column":4},"end":{"line":10,"column":5}},"type":"if","locations":[{"start":{"line":5,"column":4},"end":{"line":10,"column":5}},{"start":{"line":5,"column":4},"end":{"line":10,"column":5}}],"line":5}},"s":{"0":1,"1":1,"2":0,"3":1,"4":1,"5":0,"6":1,"7":1},"f":{"0":1},"b":{"0":[1,0],"1":[0,1]},"_coverageSchema":"332fd63041d2c1bcb487cc26dd0d5f7d97098a6c","hash":"7f41b8d46243f57dd316530e6c33f3136bae0348"}
,"/Users/wanglei/platform/workspace/observable/src/utils/index.js": {"path":"/Users/wanglei/platform/workspace/observable/src/utils/index.js","statementMap":{},"fnMap":{},"branchMap":{},"s":{},"f":{},"b":{},"_coverageSchema":"332fd63041d2c1bcb487cc26dd0d5f7d97098a6c","hash":"bc6d4b87826d441fb34eca4d52550c5f5c11e9f7"}
,"/Users/wanglei/platform/workspace/observable/src/utils/type.js": {"path":"/Users/wanglei/platform/workspace/observable/src/utils/type.js","statementMap":{"0":{"start":{"line":1,"column":20},"end":{"line":1,"column":36}},"1":{"start":{"line":2,"column":17},"end":{"line":2,"column":56}},"2":{"start":{"line":2,"column":26},"end":{"line":2,"column":56}},"3":{"start":{"line":5,"column":2},"end":{"line":5,"column":21}},"4":{"start":{"line":9,"column":2},"end":{"line":9,"column":26}},"5":{"start":{"line":13,"column":2},"end":{"line":13,"column":20}},"6":{"start":{"line":17,"column":15},"end":{"line":17,"column":25}},"7":{"start":{"line":18,"column":2},"end":{"line":18,"column":51}},"8":{"start":{"line":22,"column":15},"end":{"line":22,"column":25}},"9":{"start":{"line":23,"column":2},"end":{"line":23,"column":51}},"10":{"start":{"line":27,"column":2},"end":{"line":27,"column":64}},"11":{"start":{"line":31,"column":15},"end":{"line":31,"column":25}},"12":{"start":{"line":32,"column":2},"end":{"line":32,"column":51}},"13":{"start":{"line":36,"column":15},"end":{"line":36,"column":25}},"14":{"start":{"line":37,"column":2},"end":{"line":37,"column":66}},"15":{"start":{"line":41,"column":2},"end":{"line":41,"column":47}},"16":{"start":{"line":64,"column":2},"end":{"line":66,"column":3}},"17":{"start":{"line":65,"column":4},"end":{"line":65,"column":16}},"18":{"start":{"line":68,"column":16},"end":{"line":68,"column":42}},"19":{"start":{"line":69,"column":2},"end":{"line":71,"column":3}},"20":{"start":{"line":70,"column":4},"end":{"line":70,"column":15}},"21":{"start":{"line":74,"column":2},"end":{"line":74,"column":37}},"22":{"start":{"line":78,"column":2},"end":{"line":78,"column":68}},"23":{"start":{"line":82,"column":2},"end":{"line":82,"column":27}},"24":{"start":{"line":86,"column":25},"end":{"line":86,"column":41}},"25":{"start":{"line":109,"column":2},"end":{"line":109,"column":96}},"26":{"start":{"line":113,"column":2},"end":{"line":113,"column":74}},"27":{"start":{"line":117,"column":2},"end":{"line":117,"column":29}},"28":{"start":{"line":121,"column":2},"end":{"line":121,"column":63}},"29":{"start":{"line":125,"column":2},"end":{"line":125,"column":48}},"30":{"start":{"line":129,"column":2},"end":{"line":131,"column":3}},"31":{"start":{"line":130,"column":4},"end":{"line":130,"column":16}},"32":{"start":{"line":133,"column":14},"end":{"line":133,"column":27}},"33":{"start":{"line":134,"column":2},"end":{"line":137,"column":28}},"34":{"start":{"line":141,"column":2},"end":{"line":141,"column":62}},"35":{"start":{"line":145,"column":2},"end":{"line":145,"column":62}},"36":{"start":{"line":149,"column":2},"end":{"line":149,"column":66}},"37":{"start":{"line":153,"column":2},"end":{"line":153,"column":66}},"38":{"start":{"line":157,"column":2},"end":{"line":157,"column":65}},"39":{"start":{"line":161,"column":14},"end":{"line":161,"column":27}},"40":{"start":{"line":162,"column":2},"end":{"line":166,"column":5}}},"fnMap":{"0":{"name":"(anonymous_0)","decl":{"start":{"line":2,"column":17},"end":{"line":2,"column":18}},"loc":{"start":{"line":2,"column":26},"end":{"line":2,"column":56}},"line":2},"1":{"name":"isNull","decl":{"start":{"line":4,"column":16},"end":{"line":4,"column":22}},"loc":{"start":{"line":4,"column":29},"end":{"line":6,"column":1}},"line":4},"2":{"name":"isUndefined","decl":{"start":{"line":8,"column":16},"end":{"line":8,"column":27}},"loc":{"start":{"line":8,"column":34},"end":{"line":10,"column":1}},"line":8},"3":{"name":"isNil","decl":{"start":{"line":12,"column":16},"end":{"line":12,"column":21}},"loc":{"start":{"line":12,"column":28},"end":{"line":14,"column":1}},"line":12},"4":{"name":"isString","decl":{"start":{"line":16,"column":16},"end":{"line":16,"column":24}},"loc":{"start":{"line":16,"column":31},"end":{"line":19,"column":1}},"line":16},"5":{"name":"isNumber","decl":{"start":{"line":21,"column":16},"end":{"line":21,"column":24}},"loc":{"start":{"line":21,"column":31},"end":{"line":24,"column":1}},"line":21},"6":{"name":"isBoolean","decl":{"start":{"line":26,"column":16},"end":{"line":26,"column":25}},"loc":{"start":{"line":26,"column":32},"end":{"line":28,"column":1}},"line":26},"7":{"name":"isSymbol","decl":{"start":{"line":30,"column":16},"end":{"line":30,"column":24}},"loc":{"start":{"line":30,"column":31},"end":{"line":33,"column":1}},"line":30},"8":{"name":"isObject","decl":{"start":{"line":35,"column":16},"end":{"line":35,"column":24}},"loc":{"start":{"line":35,"column":31},"end":{"line":38,"column":1}},"line":35},"9":{"name":"isObjectLike","decl":{"start":{"line":40,"column":16},"end":{"line":40,"column":28}},"loc":{"start":{"line":40,"column":35},"end":{"line":42,"column":1}},"line":40},"10":{"name":"isPlainObject","decl":{"start":{"line":62,"column":16},"end":{"line":62,"column":29}},"loc":{"start":{"line":62,"column":36},"end":{"line":75,"column":1}},"line":62},"11":{"name":"isArguments","decl":{"start":{"line":77,"column":16},"end":{"line":77,"column":27}},"loc":{"start":{"line":77,"column":34},"end":{"line":79,"column":1}},"line":77},"12":{"name":"isArray","decl":{"start":{"line":81,"column":16},"end":{"line":81,"column":23}},"loc":{"start":{"line":81,"column":30},"end":{"line":83,"column":1}},"line":81},"13":{"name":"isLength","decl":{"start":{"line":108,"column":16},"end":{"line":108,"column":24}},"loc":{"start":{"line":108,"column":33},"end":{"line":110,"column":1}},"line":108},"14":{"name":"isArrayLike","decl":{"start":{"line":112,"column":16},"end":{"line":112,"column":27}},"loc":{"start":{"line":112,"column":34},"end":{"line":114,"column":1}},"line":112},"15":{"name":"isBuffer","decl":{"start":{"line":116,"column":16},"end":{"line":116,"column":24}},"loc":{"start":{"line":116,"column":31},"end":{"line":118,"column":1}},"line":116},"16":{"name":"isDate","decl":{"start":{"line":120,"column":16},"end":{"line":120,"column":22}},"loc":{"start":{"line":120,"column":29},"end":{"line":122,"column":1}},"line":120},"17":{"name":"isElement","decl":{"start":{"line":124,"column":16},"end":{"line":124,"column":25}},"loc":{"start":{"line":124,"column":32},"end":{"line":126,"column":1}},"line":124},"18":{"name":"isFunction","decl":{"start":{"line":128,"column":16},"end":{"line":128,"column":26}},"loc":{"start":{"line":128,"column":33},"end":{"line":138,"column":1}},"line":128},"19":{"name":"isMap","decl":{"start":{"line":140,"column":16},"end":{"line":140,"column":21}},"loc":{"start":{"line":140,"column":28},"end":{"line":142,"column":1}},"line":140},"20":{"name":"isSet","decl":{"start":{"line":144,"column":16},"end":{"line":144,"column":21}},"loc":{"start":{"line":144,"column":28},"end":{"line":146,"column":1}},"line":144},"21":{"name":"isWeakMap","decl":{"start":{"line":148,"column":16},"end":{"line":148,"column":25}},"loc":{"start":{"line":148,"column":32},"end":{"line":150,"column":1}},"line":148},"22":{"name":"isWeakSet","decl":{"start":{"line":152,"column":16},"end":{"line":152,"column":25}},"loc":{"start":{"line":152,"column":32},"end":{"line":154,"column":1}},"line":152},"23":{"name":"isRegExp","decl":{"start":{"line":156,"column":16},"end":{"line":156,"column":24}},"loc":{"start":{"line":156,"column":31},"end":{"line":158,"column":1}},"line":156},"24":{"name":"isError","decl":{"start":{"line":160,"column":16},"end":{"line":160,"column":23}},"loc":{"start":{"line":160,"column":30},"end":{"line":167,"column":1}},"line":160}},"branchMap":{"0":{"loc":{"start":{"line":18,"column":9},"end":{"line":18,"column":51}},"type":"binary-expr","locations":[{"start":{"line":18,"column":9},"end":{"line":18,"column":26}},{"start":{"line":18,"column":30},"end":{"line":18,"column":51}}],"line":18},"1":{"loc":{"start":{"line":23,"column":9},"end":{"line":23,"column":51}},"type":"binary-expr","locations":[{"start":{"line":23,"column":9},"end":{"line":23,"column":26}},{"start":{"line":23,"column":30},"end":{"line":23,"column":51}}],"line":23},"2":{"loc":{"start":{"line":27,"column":9},"end":{"line":27,"column":64}},"type":"binary-expr","locations":[{"start":{"line":27,"column":9},"end":{"line":27,"column":21}},{"start":{"line":27,"column":25},"end":{"line":27,"column":38}},{"start":{"line":27,"column":42},"end":{"line":27,"column":64}}],"line":27},"3":{"loc":{"start":{"line":32,"column":9},"end":{"line":32,"column":51}},"type":"binary-expr","locations":[{"start":{"line":32,"column":9},"end":{"line":32,"column":26}},{"start":{"line":32,"column":30},"end":{"line":32,"column":51}}],"line":32},"4":{"loc":{"start":{"line":37,"column":9},"end":{"line":37,"column":66}},"type":"binary-expr","locations":[{"start":{"line":37,"column":9},"end":{"line":37,"column":20}},{"start":{"line":37,"column":25},"end":{"line":37,"column":42}},{"start":{"line":37,"column":46},"end":{"line":37,"column":65}}],"line":37},"5":{"loc":{"start":{"line":41,"column":9},"end":{"line":41,"column":47}},"type":"binary-expr","locations":[{"start":{"line":41,"column":9},"end":{"line":41,"column":20}},{"start":{"line":41,"column":24},"end":{"line":41,"column":47}}],"line":41},"6":{"loc":{"start":{"line":64,"column":2},"end":{"line":66,"column":3}},"type":"if","locations":[{"start":{"line":64,"column":2},"end":{"line":66,"column":3}},{"start":{"line":64,"column":2},"end":{"line":66,"column":3}}],"line":64},"7":{"loc":{"start":{"line":64,"column":6},"end":{"line":64,"column":63}},"type":"binary-expr","locations":[{"start":{"line":64,"column":6},"end":{"line":64,"column":24}},{"start":{"line":64,"column":28},"end":{"line":64,"column":63}}],"line":64},"8":{"loc":{"start":{"line":69,"column":2},"end":{"line":71,"column":3}},"type":"if","locations":[{"start":{"line":69,"column":2},"end":{"line":71,"column":3}},{"start":{"line":69,"column":2},"end":{"line":71,"column":3}}],"line":69},"9":{"loc":{"start":{"line":78,"column":9},"end":{"line":78,"column":68}},"type":"binary-expr","locations":[{"start":{"line":78,"column":9},"end":{"line":78,"column":26}},{"start":{"line":78,"column":30},"end":{"line":78,"column":68}}],"line":78},"10":{"loc":{"start":{"line":109,"column":9},"end":{"line":109,"column":96}},"type":"binary-expr","locations":[{"start":{"line":109,"column":9},"end":{"line":109,"column":34}},{"start":{"line":109,"column":38},"end":{"line":109,"column":48}},{"start":{"line":109,"column":52},"end":{"line":109,"column":77}},{"start":{"line":109,"column":81},"end":{"line":109,"column":96}}],"line":109},"11":{"loc":{"start":{"line":113,"column":9},"end":{"line":113,"column":74}},"type":"binary-expr","locations":[{"start":{"line":113,"column":9},"end":{"line":113,"column":21}},{"start":{"line":113,"column":25},"end":{"line":113,"column":50}},{"start":{"line":113,"column":54},"end":{"line":113,"column":74}}],"line":113},"12":{"loc":{"start":{"line":121,"column":9},"end":{"line":121,"column":63}},"type":"binary-expr","locations":[{"start":{"line":121,"column":9},"end":{"line":121,"column":26}},{"start":{"line":121,"column":30},"end":{"line":121,"column":63}}],"line":121},"13":{"loc":{"start":{"line":125,"column":9},"end":{"line":125,"column":48}},"type":"binary-expr","locations":[{"start":{"line":125,"column":9},"end":{"line":125,"column":26}},{"start":{"line":125,"column":30},"end":{"line":125,"column":48}}],"line":125},"14":{"loc":{"start":{"line":129,"column":2},"end":{"line":131,"column":3}},"type":"if","locations":[{"start":{"line":129,"column":2},"end":{"line":131,"column":3}},{"start":{"line":129,"column":2},"end":{"line":131,"column":3}}],"line":129},"15":{"loc":{"start":{"line":134,"column":9},"end":{"line":137,"column":28}},"type":"binary-expr","locations":[{"start":{"line":134,"column":9},"end":{"line":134,"column":36}},{"start":{"line":135,"column":4},"end":{"line":135,"column":36}},{"start":{"line":136,"column":4},"end":{"line":136,"column":40}},{"start":{"line":137,"column":4},"end":{"line":137,"column":28}}],"line":134},"16":{"loc":{"start":{"line":141,"column":9},"end":{"line":141,"column":62}},"type":"binary-expr","locations":[{"start":{"line":141,"column":9},"end":{"line":141,"column":26}},{"start":{"line":141,"column":30},"end":{"line":141,"column":62}}],"line":141},"17":{"loc":{"start":{"line":145,"column":9},"end":{"line":145,"column":62}},"type":"binary-expr","locations":[{"start":{"line":145,"column":9},"end":{"line":145,"column":26}},{"start":{"line":145,"column":30},"end":{"line":145,"column":62}}],"line":145},"18":{"loc":{"start":{"line":149,"column":9},"end":{"line":149,"column":66}},"type":"binary-expr","locations":[{"start":{"line":149,"column":9},"end":{"line":149,"column":26}},{"start":{"line":149,"column":30},"end":{"line":149,"column":66}}],"line":149},"19":{"loc":{"start":{"line":153,"column":9},"end":{"line":153,"column":66}},"type":"binary-expr","locations":[{"start":{"line":153,"column":9},"end":{"line":153,"column":26}},{"start":{"line":153,"column":30},"end":{"line":153,"column":66}}],"line":153},"20":{"loc":{"start":{"line":157,"column":9},"end":{"line":157,"column":65}},"type":"binary-expr","locations":[{"start":{"line":157,"column":9},"end":{"line":157,"column":26}},{"start":{"line":157,"column":30},"end":{"line":157,"column":65}}],"line":157},"21":{"loc":{"start":{"line":162,"column":9},"end":{"line":166,"column":5}},"type":"binary-expr","locations":[{"start":{"line":162,"column":9},"end":{"line":162,"column":26}},{"start":{"line":164,"column":6},"end":{"line":164,"column":30}},{"start":{"line":165,"column":6},"end":{"line":165,"column":37}}],"line":162}},"s":{"0":1,"1":1,"2":0,"3":0,"4":0,"5":0,"6":0,"7":0,"8":0,"9":0,"10":0,"11":0,"12":0,"13":0,"14":0,"15":0,"16":0,"17":0,"18":0,"19":0,"20":0,"21":0,"22":0,"23":0,"24":1,"25":0,"26":0,"27":0,"28":0,"29":0,"30":0,"31":0,"32":0,"33":0,"34":0,"35":0,"36":0,"37":0,"38":0,"39":0,"40":0},"f":{"0":0,"1":0,"2":0,"3":0,"4":0,"5":0,"6":0,"7":0,"8":0,"9":0,"10":0,"11":0,"12":0,"13":0,"14":0,"15":0,"16":0,"17":0,"18":0,"19":0,"20":0,"21":0,"22":0,"23":0,"24":0},"b":{"0":[0,0],"1":[0,0],"2":[0,0,0],"3":[0,0],"4":[0,0,0],"5":[0,0],"6":[0,0],"7":[0,0],"8":[0,0],"9":[0,0],"10":[0,0,0,0],"11":[0,0,0],"12":[0,0],"13":[0,0],"14":[0,0],"15":[0,0,0,0],"16":[0,0],"17":[0,0],"18":[0,0],"19":[0,0],"20":[0,0],"21":[0,0,0]},"_coverageSchema":"332fd63041d2c1bcb487cc26dd0d5f7d97098a6c","hash":"9964c3ff7e55e9d6acb0046dc02c5371e5471cd0"}
}
